

Microchip Technology PIC18 LITE Macro Assembler V1.35 build -356382666 
                                                                                               Thu Jun 23 09:41:11 2016

Microchip Technology Omniscient Code Generator v1.35 (Free mode) build 201507080246
     1                           	processor	18F67J50
     2                           	fnconf	rparam,??,?,0
     3                           	opt	pw 120
     4                           	opt	lm
     5                           	psect	cinit,global,reloc=2,class=CODE,delta=1
     6                           	psect	cstackCOMRAM,global,class=COMRAM,space=1,delta=1
     7                           	psect	text0,global,reloc=2,class=CODE,delta=1
     8                           	psect	text1,global,reloc=2,class=CODE,delta=1
     9                           	psect	intsave_regs,global,class=BIGRAM,space=1,delta=1
    10                           	psect	rparam,global,class=COMRAM,space=1,delta=1
    11  0000                     _LATFbits	set	3982
    12  0000                     _TRISF	set	3991
    13                           
    14                           ; #config settings
    15  0000                     
    16                           	psect	cinit
    17  01FFCC                     __pcinit:
    18                           	opt stack 0
    19  01FFCC                     start_initialization:
    20                           	opt stack 0
    21  01FFCC                     __initialization:
    22                           	opt stack 0
    23  01FFCC                     end_of_initialization:
    24                           	opt stack 0
    25  01FFCC                     __end_of__initialization:
    26                           	opt stack 0
    27  01FFCC  0100               	movlb	0
    28  01FFCE  EFF1  F0FF         	goto	_main	;jump to C main() function
    29                           
    30                           	psect	cstackCOMRAM
    31  000001                     __pcstackCOMRAM:
    32                           	opt stack 0
    33  000001                     Delay1KTCYx@unit:
    34                           	opt stack 0
    35                           
    36                           ; 1 bytes @ 0x0
    37  000001                     	ds	1
    38  000002                     
    39                           ; 0 bytes @ 0x1
    40 ;;
    41 ;;Main: autosize = 0, tempsize = 0, incstack = 0, save=0
    42 ;;
    43 ;; *************** function _main *****************
    44 ;; Defined at:
    45 ;;		line 41 in file "main.c"
    46 ;; Parameters:    Size  Location     Type
    47 ;;		None
    48 ;; Auto vars:     Size  Location     Type
    49 ;;		None
    50 ;; Return value:  Size  Location     Type
    51 ;;		None               void
    52 ;; Registers used:
    53 ;;		wreg, status,2, cstack
    54 ;; Tracked objects:
    55 ;;		On entry : 0/0
    56 ;;		On exit  : 0/0
    57 ;;		Unchanged: 0/0
    58 ;; Data sizes:     COMRAM   BANK0   BANK1   BANK2   BANK3   BANK4   BANK5   BANK6   BANK7   BANK8   BANK9  BANK10  BANK1
      +1  BANK12  BANK13  BANK14  BANK15
    59 ;;      Params:         0       0       0       0       0       0       0       0       0       0       0       0       
      +0       0       0       0       0
    60 ;;      Locals:         0       0       0       0       0       0       0       0       0       0       0       0       
      +0       0       0       0       0
    61 ;;      Temps:          0       0       0       0       0       0       0       0       0       0       0       0       
      +0       0       0       0       0
    62 ;;      Totals:         0       0       0       0       0       0       0       0       0       0       0       0       
      +0       0       0       0       0
    63 ;;Total ram usage:        0 bytes
    64 ;; Hardware stack levels required when called:    1
    65 ;; This function calls:
    66 ;;		_Delay1KTCYx
    67 ;; This function is called by:
    68 ;;		Startup code after reset
    69 ;; This function uses a non-reentrant model
    70 ;;
    71                           
    72                           	psect	text0
    73  01FFE2                     __ptext0:
    74                           	opt stack 0
    75  01FFE2                     _main:
    76                           	opt stack 30
    77                           
    78                           ;main.c: 43: TRISF = 0x00;
    79                           
    80                           ;incstack = 0
    81  01FFE2  0E00               	movlw	0
    82  01FFE4  6E97               	movwf	3991,c	;volatile
    83  01FFE6                     l623:
    84                           
    85                           ;main.c: 46: LATFbits.LATF6 = 0;
    86  01FFE6  9C8E               	bcf	3982,6,c	;volatile
    87                           
    88                           ;main.c: 47: Delay1KTCYx(0);
    89  01FFE8  0E00               	movlw	0
    90  01FFEA  ECE9  F0FF         	call	_Delay1KTCYx
    91                           
    92                           ;main.c: 49: LATFbits.LATF6 = 1;
    93  01FFEE  8C8E               	bsf	3982,6,c	;volatile
    94                           
    95                           ;main.c: 50: Delay1KTCYx(0);
    96  01FFF0  0E00               	movlw	0
    97  01FFF2  ECE9  F0FF         	call	_Delay1KTCYx
    98  01FFF6  D7F7               	goto	l623
    99  01FFF8                     __end_of_main:
   100                           	opt stack 0
   101                           
   102 ;; *************** function _Delay1KTCYx *****************
   103 ;; Defined at:
   104 ;;		line 8 in file "C:\Program Files (x86)\Microchip\xc8\v1.35\sources\pic18\d1ktcyx.c"
   105 ;; Parameters:    Size  Location     Type
   106 ;;  unit            1    wreg     unsigned char 
   107 ;; Auto vars:     Size  Location     Type
   108 ;;  unit            1    0[COMRAM] unsigned char 
   109 ;; Return value:  Size  Location     Type
   110 ;;		None               void
   111 ;; Registers used:
   112 ;;		wreg
   113 ;; Tracked objects:
   114 ;;		On entry : 0/0
   115 ;;		On exit  : 0/0
   116 ;;		Unchanged: 0/0
   117 ;; Data sizes:     COMRAM   BANK0   BANK1   BANK2   BANK3   BANK4   BANK5   BANK6   BANK7   BANK8   BANK9  BANK10  BANK1
      +1  BANK12  BANK13  BANK14  BANK15
   118 ;;      Params:         0       0       0       0       0       0       0       0       0       0       0       0       
      +0       0       0       0       0
   119 ;;      Locals:         1       0       0       0       0       0       0       0       0       0       0       0       
      +0       0       0       0       0
   120 ;;      Temps:          0       0       0       0       0       0       0       0       0       0       0       0       
      +0       0       0       0       0
   121 ;;      Totals:         1       0       0       0       0       0       0       0       0       0       0       0       
      +0       0       0       0       0
   122 ;;Total ram usage:        1 bytes
   123 ;; Hardware stack levels used:    1
   124 ;; This function calls:
   125 ;;		Nothing
   126 ;; This function is called by:
   127 ;;		_main
   128 ;; This function uses a non-reentrant model
   129 ;;
   130                           
   131                           	psect	text1
   132  01FFD2                     __ptext1:
   133                           	opt stack 0
   134  01FFD2                     _Delay1KTCYx:
   135                           	opt stack 30
   136                           
   137                           ;incstack = 0
   138                           ;Delay1KTCYx@unit stored from wreg
   139  01FFD2  6E01               	movwf	Delay1KTCYx@unit,c
   140  01FFD4  0EFA               	movlw	250
   141  01FFD6                     u17:
   142  01FFD6  F000               	nop	
   143  01FFD8  2EE8               	decfsz	wreg,f,c
   144  01FFDA  D7FD               	goto	u17
   145  01FFDC  2E01               	decfsz	Delay1KTCYx@unit,f,c
   146  01FFDE  D7FA               	goto	l617
   147  01FFE0  0012               	return	
   148  01FFE2                     __end_of_Delay1KTCYx:
   149                           	opt stack 0
   150  0000                     wreg	equ	0xFE8
   151                           wreg	equ	0xFE8
   152                           
   153                           	psect	rparam
   154  0000                     wreg	equ	0xFE8


Data Sizes:
    Strings     0
    Constant    0
    Data        0
    BSS         0
    Persistent  0
    Stack       0

Auto Spaces:
    Space          Size  Autos    Used
    COMRAM           95      1       1
    BANK0           160      0       0
    BANK1           256      0       0
    BANK2           256      0       0
    BANK3           256      0       0
    BANK4           256      0       0
    BANK5           256      0       0
    BANK6           256      0       0
    BANK7           256      0       0
    BANK8           256      0       0
    BANK9           256      0       0
    BANK10          256      0       0
    BANK11          256      0       0
    BANK12          256      0       0
    BANK13          256      0       0
    BANK14          256      0       0
    BANK15           64      0       0

Pointer List with Targets:

    None.

Critical Paths under _main in COMRAM

    _main->_Delay1KTCYx

Critical Paths under _main in BANK0

    None.

Critical Paths under _main in BANK1

    None.

Critical Paths under _main in BANK2

    None.

Critical Paths under _main in BANK3

    None.

Critical Paths under _main in BANK4

    None.

Critical Paths under _main in BANK5

    None.

Critical Paths under _main in BANK6

    None.

Critical Paths under _main in BANK7

    None.

Critical Paths under _main in BANK8

    None.

Critical Paths under _main in BANK9

    None.

Critical Paths under _main in BANK10

    None.

Critical Paths under _main in BANK11

    None.

Critical Paths under _main in BANK12

    None.

Critical Paths under _main in BANK13

    None.

Critical Paths under _main in BANK14

    None.

Critical Paths under _main in BANK15

    None.

Call Graph Tables:

 ---------------------------------------------------------------------------------
 (Depth) Function   	        Calls       Base Space   Used Autos Params    Refs
 ---------------------------------------------------------------------------------
 (0) _main                                                 0     0      0      15
                        _Delay1KTCYx
 ---------------------------------------------------------------------------------
 (1) _Delay1KTCYx                                          1     1      0      15
                                              0 COMRAM     1     1      0
 ---------------------------------------------------------------------------------
 Estimated maximum stack depth 1
 ---------------------------------------------------------------------------------

 Call Graph Graphs:

 _main (ROOT)
   _Delay1KTCYx

 Address spaces:
Name               Size   Autos  Total    Cost      Usage
BITCOMRAM           5F      0       0       0        0.0%
NULL                 0      0       0       0        0.0%
CODE                 0      0       0       0        0.0%
COMRAM              5F      1       1       1        1.1%
STACK                0      0       0       2        0.0%
DATA                 0      0       0       3        0.0%
BITBANK0            A0      0       0       4        0.0%
BANK0               A0      0       0       5        0.0%
BITBANK1           100      0       0       6        0.0%
BANK1              100      0       0       7        0.0%
BITBANK2           100      0       0       8        0.0%
BANK2              100      0       0       9        0.0%
BITBANK3           100      0       0      10        0.0%
BANK3              100      0       0      11        0.0%
ABS                  0      0       0      12        0.0%
BITBANK4           100      0       0      13        0.0%
BANK4              100      0       0      14        0.0%
BITBANK5           100      0       0      15        0.0%
BANK5              100      0       0      16        0.0%
BITBANK6           100      0       0      17        0.0%
BANK6              100      0       0      18        0.0%
BITBANK7           100      0       0      19        0.0%
BANK7              100      0       0      20        0.0%
BITBANK8           100      0       0      21        0.0%
BANK8              100      0       0      22        0.0%
BITBANK9           100      0       0      23        0.0%
BANK9              100      0       0      24        0.0%
BITBANK10          100      0       0      25        0.0%
BANK10             100      0       0      26        0.0%
BITBANK11          100      0       0      27        0.0%
BANK11             100      0       0      28        0.0%
BITBANK12          100      0       0      29        0.0%
BANK12             100      0       0      30        0.0%
BITBANK13          100      0       0      31        0.0%
BANK13             100      0       0      32        0.0%
BITBANK14          100      0       0      33        0.0%
BANK14             100      0       0      34        0.0%
BITBANK15           40      0       0      35        0.0%
BANK15              40      0       0      36        0.0%
BIGRAM             F3F      0       0      37        0.0%
BITSFR_1             0      0       0      40        0.0%
SFR_1                0      0       0      40        0.0%
BITSFR               0      0       0      40        0.0%
SFR                  0      0       0      40        0.0%


Microchip Technology PIC18 Macro Assembler V1.35 build -356382666 
Symbol Table                                                                                   Thu Jun 23 09:41:11 2016

                     u17 FFD6             __CFG_CP0$OFF 000000                      l623 FFE6  
                    l617 FFD4                      wreg 000FE8             __CFG_IESO$ON 000000  
           __CFG_FOSC$HS 000000            __CFG_FCMEN$ON 000000                     _main FFE2  
                   start 0000             ___param_bank 000010              _Delay1KTCYx FFD2  
          __CFG_PLLDIV$1 000000                    ?_main 0001                    _TRISF 000F97  
          __CFG_XINST$ON 000000          __initialization FFCC             __end_of_main FFF8  
                 ??_main 0002            __activetblptr 000000           __CFG_WDTEN$OFF 000000  
         __CFG_STVREN$ON 000000               __accesstop 0060  __end_of__initialization FFCC  
          ___rparam_used 000001           __pcstackCOMRAM 0001             ?_Delay1KTCYx 0001  
        __CFG_WDTPS$2048 000000                  __Hparam 0000                  __Lparam 0000  
                __pcinit FFCC                  __ramtop 1000                  __ptext0 FFE2  
                __ptext1 FFD2        __CFG_MSSPMSK$MSK7 000000     end_of_initialization FFCC  
       __CFG_CPUDIV$OSC1 000000     __size_of_Delay1KTCYx 0010      start_initialization FFCC  
    __CFG_CCP2MX$DEFAULT 000000          Delay1KTCYx@unit 0001                 _LATFbits 000F8E  
               __Hrparam 0000                 __Lrparam 0000            __size_of_main 0016  
          ??_Delay1KTCYx 0001      __end_of_Delay1KTCYx FFE2  
